<?xml version="1.0" encoding="UTF-8"?>
<!-- Generated by org.testng.reporters.JUnitReportReporter -->
<testsuite hostname="MUMTEWD0500" name="com.HReckAutomation.HReck.ChangePassword" tests="5" failures="0" timestamp="28 Mar 2018 11:48:15 GMT" time="29.236" errors="0">
  <testcase name="chPassMain" time="8.719" classname="com.HReckAutomation.HReck.ChangePassword"/>
  <testcase name="chPassMain1" time="3.667" classname="com.HReckAutomation.HReck.ChangePassword"/>
  <testcase name="buttonChk" time="4.265" classname="com.HReckAutomation.HReck.ChangePassword"/>
  <testcase name="chPassMain" time="8.982" classname="com.HReckAutomation.HReck.ChangePassword"/>
  <testcase name="chPassMain2" time="3.603" classname="com.HReckAutomation.HReck.ChangePassword"/>
</testsuite> <!-- com.HReckAutomation.HReck.ChangePassword -->
