<?xml version="1.0" encoding="UTF-8"?>
<!-- Generated by org.testng.reporters.JUnitReportReporter -->
<testsuite hostname="MUMTEWD0500" name="com.HReckAutomation.HReck.ChangePassword" tests="5" failures="0" timestamp="3 Apr 2018 07:02:45 GMT" time="10.252" errors="0">
  <testcase name="chPassMain1" time="2.051" classname="com.HReckAutomation.HReck.ChangePassword"/>
  <testcase name="buttonChk" time="2.054" classname="com.HReckAutomation.HReck.ChangePassword"/>
  <testcase name="chPassMain" time="2.045" classname="com.HReckAutomation.HReck.ChangePassword"/>
  <testcase name="chPassMain" time="2.053" classname="com.HReckAutomation.HReck.ChangePassword"/>
  <testcase name="chPassMain2" time="2.049" classname="com.HReckAutomation.HReck.ChangePassword"/>
</testsuite> <!-- com.HReckAutomation.HReck.ChangePassword -->
