<?xml version="1.0" encoding="UTF-8"?>
<!-- Generated by org.testng.reporters.JUnitReportReporter -->
<testsuite hostname="MUMTEWD0500" name="com.HReckAutomation.HReck.HReckLogin" tests="4" failures="0" timestamp="28 Mar 2018 07:24:18 GMT" time="61.965" errors="0">
  <testcase name="hReckLogin" time="12.574" classname="com.HReckAutomation.HReck.HReckLogin"/>
  <testcase name="hReckLogin" time="22.591" classname="com.HReckAutomation.HReck.HReckLogin"/>
  <testcase name="hReckLogin" time="22.526" classname="com.HReckAutomation.HReck.HReckLogin"/>
  <testcase name="hReckLogout" time="4.274" classname="com.HReckAutomation.HReck.HReckLogin"/>
</testsuite> <!-- com.HReckAutomation.HReck.HReckLogin -->
