<?xml version="1.0" encoding="UTF-8"?>
<!-- Generated by org.testng.reporters.JUnitReportReporter -->
<testsuite hostname="MUMTEWD0500" name="com.HReckAutomation.HReck.HReckLogin" tests="4" failures="0" timestamp="4 Apr 2018 06:00:15 GMT" time="38.284" errors="0">
  <testcase name="hReckLogin" time="13.781" classname="com.HReckAutomation.HReck.HReckLogin"/>
  <testcase name="hReckLogin" time="6.585" classname="com.HReckAutomation.HReck.HReckLogin"/>
  <testcase name="hReckLogout" time="4.278" classname="com.HReckAutomation.HReck.HReckLogin"/>
  <testcase name="hReckLogin" time="13.640" classname="com.HReckAutomation.HReck.HReckLogin"/>
</testsuite> <!-- com.HReckAutomation.HReck.HReckLogin -->
