<?xml version="1.0" encoding="UTF-8"?>
<!-- Generated by org.testng.reporters.JUnitReportReporter -->
<testsuite hostname="MUMTEWD0500" name="com.HReckAutomation.HReck.ChangePassword" tests="5" failures="0" timestamp="3 Apr 2018 07:02:45 GMT" time="10.252" errors="0">
  <testcase name="chPassMain1" time="2.051" classname="com.HReckAutomation.HReck.ChangePassword"/>
  <testcase name="buttonChk" time="2.054" classname="com.HReckAutomation.HReck.ChangePassword"/>
  <testcase name="chPassMain" time="2.045" classname="com.HReckAutomation.HReck.ChangePassword"/>
  <testcase name="chPassMain" time="2.053" classname="com.HReckAutomation.HReck.ChangePassword"/>
  <testcase name="chPassMain2" time="2.049" classname="com.HReckAutomation.HReck.ChangePassword"/>
<testsuite hostname="MUMTEWD00052" name="com.HReckAutomation.HReck.ChangePassword" tests="5" failures="0" timestamp="30 Mar 2018 13:03:01 GMT" time="27.310" errors="0">
  <testcase name="chPassMain2" time="3.585" classname="com.HReckAutomation.HReck.ChangePassword"/>
  <testcase name="chPassMain" time="8.819" classname="com.HReckAutomation.HReck.ChangePassword"/>
  <testcase name="chPassMain1" time="3.670" classname="com.HReckAutomation.HReck.ChangePassword"/>
  <testcase name="chPassMain" time="9.039" classname="com.HReckAutomation.HReck.ChangePassword"/>
  <testcase name="buttonChk" time="2.197" classname="com.HReckAutomation.HReck.ChangePassword"/>
<testsuite hostname="MUMTEWD0500" name="com.HReckAutomation.HReck.ChangePassword" tests="5" failures="0" timestamp="2 Apr 2018 13:19:04 GMT" time="29.272" errors="0">
  <testcase name="chPassMain1" time="3.607" classname="com.HReckAutomation.HReck.ChangePassword"/>
  <testcase name="chPassMain" time="8.775" classname="com.HReckAutomation.HReck.ChangePassword"/>
  <testcase name="chPassMain2" time="3.612" classname="com.HReckAutomation.HReck.ChangePassword"/>
  <testcase name="buttonChk" time="4.271" classname="com.HReckAutomation.HReck.ChangePassword"/>
  <testcase name="chPassMain" time="9.007" classname="com.HReckAutomation.HReck.ChangePassword"/>
</testsuite> <!-- com.HReckAutomation.HReck.ChangePassword -->
