<?xml version="1.0" encoding="UTF-8"?>
<!-- Generated by org.testng.reporters.JUnitReportReporter -->
<testsuite hostname="MUMTEWD0500" name="com.HReckAutomation.HReck.HReckLogin" tests="5" failures="0" timestamp="23 Mar 2018 12:13:59 GMT" time="65.986" errors="0">
  <testcase name="hReckLogin" time="22.698" classname="com.HReckAutomation.HReck.HReckLogin"/>
  <testcase name="hReckLogin" time="22.269" classname="com.HReckAutomation.HReck.HReckLogin"/>
  <testcase name="hReckLogin" time="12.450" classname="com.HReckAutomation.HReck.HReckLogin"/>
  <testcase name="openBrowser" time="8.378" classname="com.HReckAutomation.HReck.HReckLogin"/>
  <testcase name="hReckLogout" time="0.191" classname="com.HReckAutomation.HReck.HReckLogin"/>
</testsuite> <!-- com.HReckAutomation.HReck.HReckLogin -->
