<?xml version="1.0" encoding="UTF-8"?>
<!-- Generated by org.testng.reporters.JUnitReportReporter -->
<testsuite hostname="MUMTEWD0500" name="com.HReckAutomation.HReck.ChangePassword" tests="5" failures="0" timestamp="4 Apr 2018 06:25:03 GMT" time="29.304" errors="0">
  <testcase name="chPassMain" time="8.817" classname="com.HReckAutomation.HReck.ChangePassword"/>
  <testcase name="chPassMain" time="8.877" classname="com.HReckAutomation.HReck.ChangePassword"/>
  <testcase name="buttonChk" time="4.293" classname="com.HReckAutomation.HReck.ChangePassword"/>
  <testcase name="chPassMain1" time="3.693" classname="com.HReckAutomation.HReck.ChangePassword"/>
  <testcase name="chPassMain2" time="3.624" classname="com.HReckAutomation.HReck.ChangePassword"/>
</testsuite> <!-- com.HReckAutomation.HReck.ChangePassword -->
