<?xml version="1.0" encoding="UTF-8"?>
<!-- Generated by org.testng.reporters.JUnitReportReporter -->
<testsuite hostname="MUMTEWD00052" name="com.HReckAutomation.HReck.ChangePassword" tests="5" failures="0" timestamp="30 Mar 2018 13:03:01 GMT" time="27.310" errors="0">
  <testcase name="chPassMain2" time="3.585" classname="com.HReckAutomation.HReck.ChangePassword"/>
  <testcase name="chPassMain" time="8.819" classname="com.HReckAutomation.HReck.ChangePassword"/>
  <testcase name="chPassMain1" time="3.670" classname="com.HReckAutomation.HReck.ChangePassword"/>
  <testcase name="chPassMain" time="9.039" classname="com.HReckAutomation.HReck.ChangePassword"/>
  <testcase name="buttonChk" time="2.197" classname="com.HReckAutomation.HReck.ChangePassword"/>
</testsuite> <!-- com.HReckAutomation.HReck.ChangePassword -->
