<?xml version="1.0" encoding="UTF-8"?>
<!-- Generated by org.testng.reporters.JUnitReportReporter -->
<testsuite hostname="MUMTEWD0500" name="com.HReckAutomation.HReck.HReckLogin" tests="4" failures="0" timestamp="3 Apr 2018 04:48:31 GMT" time="37.739" errors="0">
  <testcase name="hReckLogin" time="6.552" classname="com.HReckAutomation.HReck.HReckLogin"/>
  <testcase name="hReckLogout" time="4.276" classname="com.HReckAutomation.HReck.HReckLogin"/>
  <testcase name="hReckLogin" time="13.437" classname="com.HReckAutomation.HReck.HReckLogin"/>
  <testcase name="hReckLogin" time="13.474" classname="com.HReckAutomation.HReck.HReckLogin"/>
</testsuite> <!-- com.HReckAutomation.HReck.HReckLogin -->
