<?xml version="1.0" encoding="UTF-8"?>
<!-- Generated by org.testng.reporters.JUnitReportReporter -->
<testsuite hostname="MUMTEWD0500" name="com.HReckAutomation.HReck.ChangePassword" tests="5" failures="0" timestamp="3 Apr 2018 04:48:31 GMT" time="29.055" errors="0">
  <testcase name="chPassMain" time="8.688" classname="com.HReckAutomation.HReck.ChangePassword"/>
  <testcase name="chPassMain1" time="3.625" classname="com.HReckAutomation.HReck.ChangePassword"/>
  <testcase name="buttonChk" time="4.294" classname="com.HReckAutomation.HReck.ChangePassword"/>
  <testcase name="chPassMain2" time="3.647" classname="com.HReckAutomation.HReck.ChangePassword"/>
  <testcase name="chPassMain" time="8.801" classname="com.HReckAutomation.HReck.ChangePassword"/>
</testsuite> <!-- com.HReckAutomation.HReck.ChangePassword -->
