<?xml version="1.0" encoding="UTF-8"?>
<!-- Generated by org.testng.reporters.JUnitReportReporter -->
<testsuite hostname="MUMTEWD0500" name="com.HReckAutomation.HReck.forgotPassword" tests="2" failures="0" timestamp="4 Apr 2018 10:08:36 GMT" time="0.000" errors="2">
  <testcase name="forgotPasswordMain" time="0.000" classname="com.HReckAutomation.HReck.forgotPassword">
    <error type="org.openqa.selenium.WebDriverException" message="Failed to connect to binary FirefoxBinary(C:\Program Files (x86)\Mozilla Firefox\firefox.exe) on port 7055; process output follows: 
vider
1522836471086	addons.manager	DEBUG	Provider finished startup: PluginProvider
1522836471087	addons.manager	DEBUG	Completed startup sequence
[GFX1]: Potential driver version mismatch ignored due to missing DLLs 0.0.0.0 and 0.0.0.0
1522836472540	addons.manager	DEBUG	Starting provider: &lt;unnamed-provider&gt;
1522836472540	addons.manager	DEBUG	Registering shutdown blocker for &lt;unnamed-provider&gt;
1522836472540	addons.manager	DEBUG	Provider finished startup: &lt;unnamed-provider&gt;
1522836472542	DeferredSave.extensions.json	DEBUG	Starting write
1522836472742	addons.repository	DEBUG	No addons.json found.
1522836472742	DeferredSave.addons.json	DEBUG	Save changes
1522836472744	DeferredSave.addons.json	DEBUG	Starting timer
1522836472755	addons.manager	DEBUG	Starting provider: PreviousExperimentProvider
1522836472755	addons.manager	DEBUG	Registering shutdown blocker for PreviousExperimentProvider
1522836472756	addons.manager	DEBUG	Provider finished startup: PreviousExperimentProvider
1522836472757	DeferredSave.extensions.json	DEBUG	Write succeeded
1522836472758	addons.xpi-utils	DEBUG	XPI Database saved, setting schema version preference to 19
1522836472915	DeferredSave.addons.json	DEBUG	Starting write
1522836472936	DeferredSave.addons.json	DEBUG	Write succeeded
console.error: all-aboard-v1-6: 
  Either no config.json file was created, or it was placed at the wrong location. Error:
  Message: [Exception... &quot;Component returned failure code: 0x80520012 (NS_ERROR_FILE_NOT_FOUND) [nsIChannel.open2]&quot;  nsresult: &quot;0x80520012 (NS_ERROR_FILE_NOT_FOUND)&quot;  location: &quot;JS frame :: resource://gre/modules/commonjs/toolkit/loader.js -&gt; resource://gre/modules/commonjs/sdk/net/url.js :: readURISync :: line 84&quot;  data: no]
  Stack:
    readURISync@resource://gre/modules/commonjs/toolkit/loader.js -&gt; resource://gre/modules/commonjs/sdk/net/url.js:84:16
read@resource://gre/modules/commonjs/toolkit/loader.js -&gt; resource://gre/modules/commonjs/sdk/self.js:58:12
exports.utils.overrideDefaults@resource://gre/modules/commonjs/toolkit/loader.js -&gt; resource://all-aboard-v1-6/lib/utils.js:21:26
exports.main@resource://gre/modules/commonjs/toolkit/loader.js -&gt; resource://all-aboard-v1-6/index.js:41:5
run@resource://gre/modules/commonjs/toolkit/loader.js -&gt; resource://gre/modules/commonjs/sdk/addon/runner.js:153:7
startup/&lt;/&lt;@resource://gre/modules/commonjs/toolkit/loader.js -&gt; resource://gre/modules/commonjs/sdk/addon/runner.js:87:9
Handler.prototype.process@resource://gre/modules/Promise.jsm -&gt; resource://gre/modules/Promise-backend.js:932:23
this.PromiseWalker.walkerLoop@resource://gre/modules/Promise.jsm -&gt; resource://gre/modules/Promise-backend.js:813:7
this.PromiseWalker.scheduleWalkerLoop/&lt;@resource://gre/modules/Promise.jsm -&gt; resource://gre/modules/Promise-backend.js:747:11

1522836494537	addons.xpi	DEBUG	Calling bootstrap method shutdown on webcompat@mozilla.org version 1.0
1522836494538	addons.xpi	DEBUG	Calling bootstrap method shutdown on firefox@getpocket.com version 1.0.5
1522836494538	addons.xpi	DEBUG	Calling bootstrap method shutdown on e10srollout@mozilla.org version 1.9
1522836494539	addons.xpi	DEBUG	Calling bootstrap method shutdown on aushelper@mozilla.org version 2.0
1522836494540	addons.xpi	DEBUG	Calling bootstrap method shutdown on @all-aboard-v1-6 version 1.6.4
1522836494684	addons.manager	DEBUG	shutdown
1522836494685	addons.manager	DEBUG	Calling shutdown blocker for XPIProvider
1522836494685	addons.xpi	DEBUG	shutdown
1522836494685	addons.xpi-utils	DEBUG	shutdown
1522836494685	addons.manager	DEBUG	Calling shutdown blocker for LightweightThemeManager
1522836494686	addons.manager	DEBUG	Calling shutdown blocker for GMPProvider
1522836494688	addons.manager	DEBUG	Calling shutdown blocker for PluginProvider
1522836494688	addons.manager	DEBUG	Calling shutdown blocker for &lt;unnamed-provider&gt;
1522836494690	addons.manager	DEBUG	Calling shutdown blocker for PreviousExperimentProvider
1522836494692	addons.xpi	DEBUG	Notifying XPI shutdown observers
1522836494695	addons.manager	DEBUG	Async provider shutdown done

Build info: version: &#039;2.53.1&#039;, revision: &#039;a36b8b1cd5757287168e54b817830adce9b0158d&#039;, time: &#039;2016-06-30 19:26:09&#039;
System info: host: &#039;MUMTEWD0500&#039;, ip: &#039;192.168.101.143&#039;, os.name: &#039;Windows 7&#039;, os.arch: &#039;amd64&#039;, os.version: &#039;6.1&#039;, java.version: &#039;1.8.0_162&#039;
Driver info: driver.version: FirefoxDriver">
      <![CDATA[org.openqa.selenium.WebDriverException: Failed to connect to binary FirefoxBinary(C:\Program Files (x86)\Mozilla Firefox\firefox.exe) on port 7055; process output follows: 
vider
1522836471086	addons.manager	DEBUG	Provider finished startup: PluginProvider
1522836471087	addons.manager	DEBUG	Completed startup sequence
[GFX1]: Potential driver version mismatch ignored due to missing DLLs 0.0.0.0 and 0.0.0.0
1522836472540	addons.manager	DEBUG	Starting provider: <unnamed-provider>
1522836472540	addons.manager	DEBUG	Registering shutdown blocker for <unnamed-provider>
1522836472540	addons.manager	DEBUG	Provider finished startup: <unnamed-provider>
1522836472542	DeferredSave.extensions.json	DEBUG	Starting write
1522836472742	addons.repository	DEBUG	No addons.json found.
1522836472742	DeferredSave.addons.json	DEBUG	Save changes
1522836472744	DeferredSave.addons.json	DEBUG	Starting timer
1522836472755	addons.manager	DEBUG	Starting provider: PreviousExperimentProvider
1522836472755	addons.manager	DEBUG	Registering shutdown blocker for PreviousExperimentProvider
1522836472756	addons.manager	DEBUG	Provider finished startup: PreviousExperimentProvider
1522836472757	DeferredSave.extensions.json	DEBUG	Write succeeded
1522836472758	addons.xpi-utils	DEBUG	XPI Database saved, setting schema version preference to 19
1522836472915	DeferredSave.addons.json	DEBUG	Starting write
1522836472936	DeferredSave.addons.json	DEBUG	Write succeeded
console.error: all-aboard-v1-6: 
  Either no config.json file was created, or it was placed at the wrong location. Error:
  Message: [Exception... "Component returned failure code: 0x80520012 (NS_ERROR_FILE_NOT_FOUND) [nsIChannel.open2]"  nsresult: "0x80520012 (NS_ERROR_FILE_NOT_FOUND)"  location: "JS frame :: resource://gre/modules/commonjs/toolkit/loader.js -> resource://gre/modules/commonjs/sdk/net/url.js :: readURISync :: line 84"  data: no]
  Stack:
    readURISync@resource://gre/modules/commonjs/toolkit/loader.js -> resource://gre/modules/commonjs/sdk/net/url.js:84:16
read@resource://gre/modules/commonjs/toolkit/loader.js -> resource://gre/modules/commonjs/sdk/self.js:58:12
exports.utils.overrideDefaults@resource://gre/modules/commonjs/toolkit/loader.js -> resource://all-aboard-v1-6/lib/utils.js:21:26
exports.main@resource://gre/modules/commonjs/toolkit/loader.js -> resource://all-aboard-v1-6/index.js:41:5
run@resource://gre/modules/commonjs/toolkit/loader.js -> resource://gre/modules/commonjs/sdk/addon/runner.js:153:7
startup/</<@resource://gre/modules/commonjs/toolkit/loader.js -> resource://gre/modules/commonjs/sdk/addon/runner.js:87:9
Handler.prototype.process@resource://gre/modules/Promise.jsm -> resource://gre/modules/Promise-backend.js:932:23
this.PromiseWalker.walkerLoop@resource://gre/modules/Promise.jsm -> resource://gre/modules/Promise-backend.js:813:7
this.PromiseWalker.scheduleWalkerLoop/<@resource://gre/modules/Promise.jsm -> resource://gre/modules/Promise-backend.js:747:11

1522836494537	addons.xpi	DEBUG	Calling bootstrap method shutdown on webcompat@mozilla.org version 1.0
1522836494538	addons.xpi	DEBUG	Calling bootstrap method shutdown on firefox@getpocket.com version 1.0.5
1522836494538	addons.xpi	DEBUG	Calling bootstrap method shutdown on e10srollout@mozilla.org version 1.9
1522836494539	addons.xpi	DEBUG	Calling bootstrap method shutdown on aushelper@mozilla.org version 2.0
1522836494540	addons.xpi	DEBUG	Calling bootstrap method shutdown on @all-aboard-v1-6 version 1.6.4
1522836494684	addons.manager	DEBUG	shutdown
1522836494685	addons.manager	DEBUG	Calling shutdown blocker for XPIProvider
1522836494685	addons.xpi	DEBUG	shutdown
1522836494685	addons.xpi-utils	DEBUG	shutdown
1522836494685	addons.manager	DEBUG	Calling shutdown blocker for LightweightThemeManager
1522836494686	addons.manager	DEBUG	Calling shutdown blocker for GMPProvider
1522836494688	addons.manager	DEBUG	Calling shutdown blocker for PluginProvider
1522836494688	addons.manager	DEBUG	Calling shutdown blocker for <unnamed-provider>
1522836494690	addons.manager	DEBUG	Calling shutdown blocker for PreviousExperimentProvider
1522836494692	addons.xpi	DEBUG	Notifying XPI shutdown observers
1522836494695	addons.manager	DEBUG	Async provider shutdown done

Build info: version: '2.53.1', revision: 'a36b8b1cd5757287168e54b817830adce9b0158d', time: '2016-06-30 19:26:09'
System info: host: 'MUMTEWD0500', ip: '192.168.101.143', os.name: 'Windows 7', os.arch: 'amd64', os.version: '6.1', java.version: '1.8.0_162'
Driver info: driver.version: FirefoxDriver
	at org.openqa.selenium.firefox.internal.NewProfileExtensionConnection.start(NewProfileExtensionConnection.java:125)
	at org.openqa.selenium.firefox.FirefoxDriver.startClient(FirefoxDriver.java:271)
	at org.openqa.selenium.remote.RemoteWebDriver.<init>(RemoteWebDriver.java:119)
	at org.openqa.selenium.firefox.FirefoxDriver.<init>(FirefoxDriver.java:216)
	at org.openqa.selenium.firefox.FirefoxDriver.<init>(FirefoxDriver.java:211)
	at org.openqa.selenium.firefox.FirefoxDriver.<init>(FirefoxDriver.java:207)
	at org.openqa.selenium.firefox.FirefoxDriver.<init>(FirefoxDriver.java:120)
	at com.mentorstudies.automationframework.util.impl.DefaultDriverManager.getDriver(DefaultDriverManager.java:23)
	at com.HReckAutomation.CommonUtils.CommonUtilities.openBrowser(CommonUtilities.java:35)
	at com.HReckAutomation.HReck.forgotPassword.openBrowser(forgotPassword.java:36)
	at sun.reflect.NativeMethodAccessorImpl.invoke0(Native Method)
	at sun.reflect.NativeMethodAccessorImpl.invoke(NativeMethodAccessorImpl.java:62)
	at sun.reflect.DelegatingMethodAccessorImpl.invoke(DelegatingMethodAccessorImpl.java:43)
	at java.lang.reflect.Method.invoke(Method.java:498)
	at org.testng.internal.MethodInvocationHelper.invokeMethod(MethodInvocationHelper.java:86)
	at org.testng.internal.Invoker.invokeConfigurationMethod(Invoker.java:514)
	at org.testng.internal.Invoker.invokeConfigurations(Invoker.java:215)
	at org.testng.internal.Invoker.invokeConfigurations(Invoker.java:142)
	at org.testng.SuiteRunner.privateRun(SuiteRunner.java:305)
	at org.testng.SuiteRunner.run(SuiteRunner.java:268)
	at org.testng.SuiteRunnerWorker.runSuite(SuiteRunnerWorker.java:52)
	at org.testng.SuiteRunnerWorker.run(SuiteRunnerWorker.java:86)
	at org.testng.TestNG.runSuitesSequentially(TestNG.java:1244)
	at org.testng.TestNG.runSuitesLocally(TestNG.java:1169)
	at org.testng.TestNG.run(TestNG.java:1064)
	at com.mentorstudies.automationframework.TestRunner.main(TestRunner.java:117)
	at sun.reflect.NativeMethodAccessorImpl.invoke0(Native Method)
	at sun.reflect.NativeMethodAccessorImpl.invoke(NativeMethodAccessorImpl.java:62)
	at sun.reflect.DelegatingMethodAccessorImpl.invoke(DelegatingMethodAccessorImpl.java:43)
	at java.lang.reflect.Method.invoke(Method.java:498)
	at org.codehaus.mojo.exec.ExecJavaMojo$1.run(ExecJavaMojo.java:294)
	at java.lang.Thread.run(Thread.java:748)
Caused by: org.openqa.selenium.firefox.NotConnectedException: Unable to connect to host 127.0.0.1 on port 7055 after 45000 ms. Firefox console output:
vider
1522836471086	addons.manager	DEBUG	Provider finished startup: PluginProvider
1522836471087	addons.manager	DEBUG	Completed startup sequence
[GFX1]: Potential driver version mismatch ignored due to missing DLLs 0.0.0.0 and 0.0.0.0
1522836472540	addons.manager	DEBUG	Starting provider: <unnamed-provider>
1522836472540	addons.manager	DEBUG	Registering shutdown blocker for <unnamed-provider>
1522836472540	addons.manager	DEBUG	Provider finished startup: <unnamed-provider>
1522836472542	DeferredSave.extensions.json	DEBUG	Starting write
1522836472742	addons.repository	DEBUG	No addons.json found.
1522836472742	DeferredSave.addons.json	DEBUG	Save changes
1522836472744	DeferredSave.addons.json	DEBUG	Starting timer
1522836472755	addons.manager	DEBUG	Starting provider: PreviousExperimentProvider
1522836472755	addons.manager	DEBUG	Registering shutdown blocker for PreviousExperimentProvider
1522836472756	addons.manager	DEBUG	Provider finished startup: PreviousExperimentProvider
1522836472757	DeferredSave.extensions.json	DEBUG	Write succeeded
1522836472758	addons.xpi-utils	DEBUG	XPI Database saved, setting schema version preference to 19
1522836472915	DeferredSave.addons.json	DEBUG	Starting write
1522836472936	DeferredSave.addons.json	DEBUG	Write succeeded
console.error: all-aboard-v1-6: 
  Either no config.json file was created, or it was placed at the wrong location. Error:
  Message: [Exception... "Component returned failure code: 0x80520012 (NS_ERROR_FILE_NOT_FOUND) [nsIChannel.open2]"  nsresult: "0x80520012 (NS_ERROR_FILE_NOT_FOUND)"  location: "JS frame :: resource://gre/modules/commonjs/toolkit/loader.js -> resource://gre/modules/commonjs/sdk/net/url.js :: readURISync :: line 84"  data: no]
  Stack:
    readURISync@resource://gre/modules/commonjs/toolkit/loader.js -> resource://gre/modules/commonjs/sdk/net/url.js:84:16
read@resource://gre/modules/commonjs/toolkit/loader.js -> resource://gre/modules/commonjs/sdk/self.js:58:12
exports.utils.overrideDefaults@resource://gre/modules/commonjs/toolkit/loader.js -> resource://all-aboard-v1-6/lib/utils.js:21:26
exports.main@resource://gre/modules/commonjs/toolkit/loader.js -> resource://all-aboard-v1-6/index.js:41:5
run@resource://gre/modules/commonjs/toolkit/loader.js -> resource://gre/modules/commonjs/sdk/addon/runner.js:153:7
startup/</<@resource://gre/modules/commonjs/toolkit/loader.js -> resource://gre/modules/commonjs/sdk/addon/runner.js:87:9
Handler.prototype.process@resource://gre/modules/Promise.jsm -> resource://gre/modules/Promise-backend.js:932:23
this.PromiseWalker.walkerLoop@resource://gre/modules/Promise.jsm -> resource://gre/modules/Promise-backend.js:813:7
this.PromiseWalker.scheduleWalkerLoop/<@resource://gre/modules/Promise.jsm -> resource://gre/modules/Promise-backend.js:747:11

1522836494537	addons.xpi	DEBUG	Calling bootstrap method shutdown on webcompat@mozilla.org version 1.0
1522836494538	addons.xpi	DEBUG	Calling bootstrap method shutdown on firefox@getpocket.com version 1.0.5
1522836494538	addons.xpi	DEBUG	Calling bootstrap method shutdown on e10srollout@mozilla.org version 1.9
1522836494539	addons.xpi	DEBUG	Calling bootstrap method shutdown on aushelper@mozilla.org version 2.0
1522836494540	addons.xpi	DEBUG	Calling bootstrap method shutdown on @all-aboard-v1-6 version 1.6.4
1522836494684	addons.manager	DEBUG	shutdown
1522836494685	addons.manager	DEBUG	Calling shutdown blocker for XPIProvider
1522836494685	addons.xpi	DEBUG	shutdown
1522836494685	addons.xpi-utils	DEBUG	shutdown
1522836494685	addons.manager	DEBUG	Calling shutdown blocker for LightweightThemeManager
1522836494686	addons.manager	DEBUG	Calling shutdown blocker for GMPProvider
1522836494688	addons.manager	DEBUG	Calling shutdown blocker for PluginProvider
1522836494688	addons.manager	DEBUG	Calling shutdown blocker for <unnamed-provider>
1522836494690	addons.manager	DEBUG	Calling shutdown blocker for PreviousExperimentProvider
1522836494692	addons.xpi	DEBUG	Notifying XPI shutdown observers
1522836494695	addons.manager	DEBUG	Async provider shutdown done

	at org.openqa.selenium.firefox.internal.NewProfileExtensionConnection.start(NewProfileExtensionConnection.java:113)
	... 31 more
]]>
    </error>
  </testcase> <!-- forgotPasswordMain -->
  <testcase name="forgotPasswordMain" time="0.000" classname="com.HReckAutomation.HReck.forgotPassword">
    <error type="org.openqa.selenium.WebDriverException" message="Failed to connect to binary FirefoxBinary(C:\Program Files (x86)\Mozilla Firefox\firefox.exe) on port 7055; process output follows: 
vider
1522836471086	addons.manager	DEBUG	Provider finished startup: PluginProvider
1522836471087	addons.manager	DEBUG	Completed startup sequence
[GFX1]: Potential driver version mismatch ignored due to missing DLLs 0.0.0.0 and 0.0.0.0
1522836472540	addons.manager	DEBUG	Starting provider: &lt;unnamed-provider&gt;
1522836472540	addons.manager	DEBUG	Registering shutdown blocker for &lt;unnamed-provider&gt;
1522836472540	addons.manager	DEBUG	Provider finished startup: &lt;unnamed-provider&gt;
1522836472542	DeferredSave.extensions.json	DEBUG	Starting write
1522836472742	addons.repository	DEBUG	No addons.json found.
1522836472742	DeferredSave.addons.json	DEBUG	Save changes
1522836472744	DeferredSave.addons.json	DEBUG	Starting timer
1522836472755	addons.manager	DEBUG	Starting provider: PreviousExperimentProvider
1522836472755	addons.manager	DEBUG	Registering shutdown blocker for PreviousExperimentProvider
1522836472756	addons.manager	DEBUG	Provider finished startup: PreviousExperimentProvider
1522836472757	DeferredSave.extensions.json	DEBUG	Write succeeded
1522836472758	addons.xpi-utils	DEBUG	XPI Database saved, setting schema version preference to 19
1522836472915	DeferredSave.addons.json	DEBUG	Starting write
1522836472936	DeferredSave.addons.json	DEBUG	Write succeeded
console.error: all-aboard-v1-6: 
  Either no config.json file was created, or it was placed at the wrong location. Error:
  Message: [Exception... &quot;Component returned failure code: 0x80520012 (NS_ERROR_FILE_NOT_FOUND) [nsIChannel.open2]&quot;  nsresult: &quot;0x80520012 (NS_ERROR_FILE_NOT_FOUND)&quot;  location: &quot;JS frame :: resource://gre/modules/commonjs/toolkit/loader.js -&gt; resource://gre/modules/commonjs/sdk/net/url.js :: readURISync :: line 84&quot;  data: no]
  Stack:
    readURISync@resource://gre/modules/commonjs/toolkit/loader.js -&gt; resource://gre/modules/commonjs/sdk/net/url.js:84:16
read@resource://gre/modules/commonjs/toolkit/loader.js -&gt; resource://gre/modules/commonjs/sdk/self.js:58:12
exports.utils.overrideDefaults@resource://gre/modules/commonjs/toolkit/loader.js -&gt; resource://all-aboard-v1-6/lib/utils.js:21:26
exports.main@resource://gre/modules/commonjs/toolkit/loader.js -&gt; resource://all-aboard-v1-6/index.js:41:5
run@resource://gre/modules/commonjs/toolkit/loader.js -&gt; resource://gre/modules/commonjs/sdk/addon/runner.js:153:7
startup/&lt;/&lt;@resource://gre/modules/commonjs/toolkit/loader.js -&gt; resource://gre/modules/commonjs/sdk/addon/runner.js:87:9
Handler.prototype.process@resource://gre/modules/Promise.jsm -&gt; resource://gre/modules/Promise-backend.js:932:23
this.PromiseWalker.walkerLoop@resource://gre/modules/Promise.jsm -&gt; resource://gre/modules/Promise-backend.js:813:7
this.PromiseWalker.scheduleWalkerLoop/&lt;@resource://gre/modules/Promise.jsm -&gt; resource://gre/modules/Promise-backend.js:747:11

1522836494537	addons.xpi	DEBUG	Calling bootstrap method shutdown on webcompat@mozilla.org version 1.0
1522836494538	addons.xpi	DEBUG	Calling bootstrap method shutdown on firefox@getpocket.com version 1.0.5
1522836494538	addons.xpi	DEBUG	Calling bootstrap method shutdown on e10srollout@mozilla.org version 1.9
1522836494539	addons.xpi	DEBUG	Calling bootstrap method shutdown on aushelper@mozilla.org version 2.0
1522836494540	addons.xpi	DEBUG	Calling bootstrap method shutdown on @all-aboard-v1-6 version 1.6.4
1522836494684	addons.manager	DEBUG	shutdown
1522836494685	addons.manager	DEBUG	Calling shutdown blocker for XPIProvider
1522836494685	addons.xpi	DEBUG	shutdown
1522836494685	addons.xpi-utils	DEBUG	shutdown
1522836494685	addons.manager	DEBUG	Calling shutdown blocker for LightweightThemeManager
1522836494686	addons.manager	DEBUG	Calling shutdown blocker for GMPProvider
1522836494688	addons.manager	DEBUG	Calling shutdown blocker for PluginProvider
1522836494688	addons.manager	DEBUG	Calling shutdown blocker for &lt;unnamed-provider&gt;
1522836494690	addons.manager	DEBUG	Calling shutdown blocker for PreviousExperimentProvider
1522836494692	addons.xpi	DEBUG	Notifying XPI shutdown observers
1522836494695	addons.manager	DEBUG	Async provider shutdown done

Build info: version: &#039;2.53.1&#039;, revision: &#039;a36b8b1cd5757287168e54b817830adce9b0158d&#039;, time: &#039;2016-06-30 19:26:09&#039;
System info: host: &#039;MUMTEWD0500&#039;, ip: &#039;192.168.101.143&#039;, os.name: &#039;Windows 7&#039;, os.arch: &#039;amd64&#039;, os.version: &#039;6.1&#039;, java.version: &#039;1.8.0_162&#039;
Driver info: driver.version: FirefoxDriver">
      <![CDATA[org.openqa.selenium.WebDriverException: Failed to connect to binary FirefoxBinary(C:\Program Files (x86)\Mozilla Firefox\firefox.exe) on port 7055; process output follows: 
vider
1522836471086	addons.manager	DEBUG	Provider finished startup: PluginProvider
1522836471087	addons.manager	DEBUG	Completed startup sequence
[GFX1]: Potential driver version mismatch ignored due to missing DLLs 0.0.0.0 and 0.0.0.0
1522836472540	addons.manager	DEBUG	Starting provider: <unnamed-provider>
1522836472540	addons.manager	DEBUG	Registering shutdown blocker for <unnamed-provider>
1522836472540	addons.manager	DEBUG	Provider finished startup: <unnamed-provider>
1522836472542	DeferredSave.extensions.json	DEBUG	Starting write
1522836472742	addons.repository	DEBUG	No addons.json found.
1522836472742	DeferredSave.addons.json	DEBUG	Save changes
1522836472744	DeferredSave.addons.json	DEBUG	Starting timer
1522836472755	addons.manager	DEBUG	Starting provider: PreviousExperimentProvider
1522836472755	addons.manager	DEBUG	Registering shutdown blocker for PreviousExperimentProvider
1522836472756	addons.manager	DEBUG	Provider finished startup: PreviousExperimentProvider
1522836472757	DeferredSave.extensions.json	DEBUG	Write succeeded
1522836472758	addons.xpi-utils	DEBUG	XPI Database saved, setting schema version preference to 19
1522836472915	DeferredSave.addons.json	DEBUG	Starting write
1522836472936	DeferredSave.addons.json	DEBUG	Write succeeded
console.error: all-aboard-v1-6: 
  Either no config.json file was created, or it was placed at the wrong location. Error:
  Message: [Exception... "Component returned failure code: 0x80520012 (NS_ERROR_FILE_NOT_FOUND) [nsIChannel.open2]"  nsresult: "0x80520012 (NS_ERROR_FILE_NOT_FOUND)"  location: "JS frame :: resource://gre/modules/commonjs/toolkit/loader.js -> resource://gre/modules/commonjs/sdk/net/url.js :: readURISync :: line 84"  data: no]
  Stack:
    readURISync@resource://gre/modules/commonjs/toolkit/loader.js -> resource://gre/modules/commonjs/sdk/net/url.js:84:16
read@resource://gre/modules/commonjs/toolkit/loader.js -> resource://gre/modules/commonjs/sdk/self.js:58:12
exports.utils.overrideDefaults@resource://gre/modules/commonjs/toolkit/loader.js -> resource://all-aboard-v1-6/lib/utils.js:21:26
exports.main@resource://gre/modules/commonjs/toolkit/loader.js -> resource://all-aboard-v1-6/index.js:41:5
run@resource://gre/modules/commonjs/toolkit/loader.js -> resource://gre/modules/commonjs/sdk/addon/runner.js:153:7
startup/</<@resource://gre/modules/commonjs/toolkit/loader.js -> resource://gre/modules/commonjs/sdk/addon/runner.js:87:9
Handler.prototype.process@resource://gre/modules/Promise.jsm -> resource://gre/modules/Promise-backend.js:932:23
this.PromiseWalker.walkerLoop@resource://gre/modules/Promise.jsm -> resource://gre/modules/Promise-backend.js:813:7
this.PromiseWalker.scheduleWalkerLoop/<@resource://gre/modules/Promise.jsm -> resource://gre/modules/Promise-backend.js:747:11

1522836494537	addons.xpi	DEBUG	Calling bootstrap method shutdown on webcompat@mozilla.org version 1.0
1522836494538	addons.xpi	DEBUG	Calling bootstrap method shutdown on firefox@getpocket.com version 1.0.5
1522836494538	addons.xpi	DEBUG	Calling bootstrap method shutdown on e10srollout@mozilla.org version 1.9
1522836494539	addons.xpi	DEBUG	Calling bootstrap method shutdown on aushelper@mozilla.org version 2.0
1522836494540	addons.xpi	DEBUG	Calling bootstrap method shutdown on @all-aboard-v1-6 version 1.6.4
1522836494684	addons.manager	DEBUG	shutdown
1522836494685	addons.manager	DEBUG	Calling shutdown blocker for XPIProvider
1522836494685	addons.xpi	DEBUG	shutdown
1522836494685	addons.xpi-utils	DEBUG	shutdown
1522836494685	addons.manager	DEBUG	Calling shutdown blocker for LightweightThemeManager
1522836494686	addons.manager	DEBUG	Calling shutdown blocker for GMPProvider
1522836494688	addons.manager	DEBUG	Calling shutdown blocker for PluginProvider
1522836494688	addons.manager	DEBUG	Calling shutdown blocker for <unnamed-provider>
1522836494690	addons.manager	DEBUG	Calling shutdown blocker for PreviousExperimentProvider
1522836494692	addons.xpi	DEBUG	Notifying XPI shutdown observers
1522836494695	addons.manager	DEBUG	Async provider shutdown done

Build info: version: '2.53.1', revision: 'a36b8b1cd5757287168e54b817830adce9b0158d', time: '2016-06-30 19:26:09'
System info: host: 'MUMTEWD0500', ip: '192.168.101.143', os.name: 'Windows 7', os.arch: 'amd64', os.version: '6.1', java.version: '1.8.0_162'
Driver info: driver.version: FirefoxDriver
	at org.openqa.selenium.firefox.internal.NewProfileExtensionConnection.start(NewProfileExtensionConnection.java:125)
	at org.openqa.selenium.firefox.FirefoxDriver.startClient(FirefoxDriver.java:271)
	at org.openqa.selenium.remote.RemoteWebDriver.<init>(RemoteWebDriver.java:119)
	at org.openqa.selenium.firefox.FirefoxDriver.<init>(FirefoxDriver.java:216)
	at org.openqa.selenium.firefox.FirefoxDriver.<init>(FirefoxDriver.java:211)
	at org.openqa.selenium.firefox.FirefoxDriver.<init>(FirefoxDriver.java:207)
	at org.openqa.selenium.firefox.FirefoxDriver.<init>(FirefoxDriver.java:120)
	at com.mentorstudies.automationframework.util.impl.DefaultDriverManager.getDriver(DefaultDriverManager.java:23)
	at com.HReckAutomation.CommonUtils.CommonUtilities.openBrowser(CommonUtilities.java:35)
	at com.HReckAutomation.HReck.forgotPassword.openBrowser(forgotPassword.java:36)
	at sun.reflect.NativeMethodAccessorImpl.invoke0(Native Method)
	at sun.reflect.NativeMethodAccessorImpl.invoke(NativeMethodAccessorImpl.java:62)
	at sun.reflect.DelegatingMethodAccessorImpl.invoke(DelegatingMethodAccessorImpl.java:43)
	at java.lang.reflect.Method.invoke(Method.java:498)
	at org.testng.internal.MethodInvocationHelper.invokeMethod(MethodInvocationHelper.java:86)
	at org.testng.internal.Invoker.invokeConfigurationMethod(Invoker.java:514)
	at org.testng.internal.Invoker.invokeConfigurations(Invoker.java:215)
	at org.testng.internal.Invoker.invokeConfigurations(Invoker.java:142)
	at org.testng.SuiteRunner.privateRun(SuiteRunner.java:305)
	at org.testng.SuiteRunner.run(SuiteRunner.java:268)
	at org.testng.SuiteRunnerWorker.runSuite(SuiteRunnerWorker.java:52)
	at org.testng.SuiteRunnerWorker.run(SuiteRunnerWorker.java:86)
	at org.testng.TestNG.runSuitesSequentially(TestNG.java:1244)
	at org.testng.TestNG.runSuitesLocally(TestNG.java:1169)
	at org.testng.TestNG.run(TestNG.java:1064)
	at com.mentorstudies.automationframework.TestRunner.main(TestRunner.java:117)
	at sun.reflect.NativeMethodAccessorImpl.invoke0(Native Method)
	at sun.reflect.NativeMethodAccessorImpl.invoke(NativeMethodAccessorImpl.java:62)
	at sun.reflect.DelegatingMethodAccessorImpl.invoke(DelegatingMethodAccessorImpl.java:43)
	at java.lang.reflect.Method.invoke(Method.java:498)
	at org.codehaus.mojo.exec.ExecJavaMojo$1.run(ExecJavaMojo.java:294)
	at java.lang.Thread.run(Thread.java:748)
Caused by: org.openqa.selenium.firefox.NotConnectedException: Unable to connect to host 127.0.0.1 on port 7055 after 45000 ms. Firefox console output:
vider
1522836471086	addons.manager	DEBUG	Provider finished startup: PluginProvider
1522836471087	addons.manager	DEBUG	Completed startup sequence
[GFX1]: Potential driver version mismatch ignored due to missing DLLs 0.0.0.0 and 0.0.0.0
1522836472540	addons.manager	DEBUG	Starting provider: <unnamed-provider>
1522836472540	addons.manager	DEBUG	Registering shutdown blocker for <unnamed-provider>
1522836472540	addons.manager	DEBUG	Provider finished startup: <unnamed-provider>
1522836472542	DeferredSave.extensions.json	DEBUG	Starting write
1522836472742	addons.repository	DEBUG	No addons.json found.
1522836472742	DeferredSave.addons.json	DEBUG	Save changes
1522836472744	DeferredSave.addons.json	DEBUG	Starting timer
1522836472755	addons.manager	DEBUG	Starting provider: PreviousExperimentProvider
1522836472755	addons.manager	DEBUG	Registering shutdown blocker for PreviousExperimentProvider
1522836472756	addons.manager	DEBUG	Provider finished startup: PreviousExperimentProvider
1522836472757	DeferredSave.extensions.json	DEBUG	Write succeeded
1522836472758	addons.xpi-utils	DEBUG	XPI Database saved, setting schema version preference to 19
1522836472915	DeferredSave.addons.json	DEBUG	Starting write
1522836472936	DeferredSave.addons.json	DEBUG	Write succeeded
console.error: all-aboard-v1-6: 
  Either no config.json file was created, or it was placed at the wrong location. Error:
  Message: [Exception... "Component returned failure code: 0x80520012 (NS_ERROR_FILE_NOT_FOUND) [nsIChannel.open2]"  nsresult: "0x80520012 (NS_ERROR_FILE_NOT_FOUND)"  location: "JS frame :: resource://gre/modules/commonjs/toolkit/loader.js -> resource://gre/modules/commonjs/sdk/net/url.js :: readURISync :: line 84"  data: no]
  Stack:
    readURISync@resource://gre/modules/commonjs/toolkit/loader.js -> resource://gre/modules/commonjs/sdk/net/url.js:84:16
read@resource://gre/modules/commonjs/toolkit/loader.js -> resource://gre/modules/commonjs/sdk/self.js:58:12
exports.utils.overrideDefaults@resource://gre/modules/commonjs/toolkit/loader.js -> resource://all-aboard-v1-6/lib/utils.js:21:26
exports.main@resource://gre/modules/commonjs/toolkit/loader.js -> resource://all-aboard-v1-6/index.js:41:5
run@resource://gre/modules/commonjs/toolkit/loader.js -> resource://gre/modules/commonjs/sdk/addon/runner.js:153:7
startup/</<@resource://gre/modules/commonjs/toolkit/loader.js -> resource://gre/modules/commonjs/sdk/addon/runner.js:87:9
Handler.prototype.process@resource://gre/modules/Promise.jsm -> resource://gre/modules/Promise-backend.js:932:23
this.PromiseWalker.walkerLoop@resource://gre/modules/Promise.jsm -> resource://gre/modules/Promise-backend.js:813:7
this.PromiseWalker.scheduleWalkerLoop/<@resource://gre/modules/Promise.jsm -> resource://gre/modules/Promise-backend.js:747:11

1522836494537	addons.xpi	DEBUG	Calling bootstrap method shutdown on webcompat@mozilla.org version 1.0
1522836494538	addons.xpi	DEBUG	Calling bootstrap method shutdown on firefox@getpocket.com version 1.0.5
1522836494538	addons.xpi	DEBUG	Calling bootstrap method shutdown on e10srollout@mozilla.org version 1.9
1522836494539	addons.xpi	DEBUG	Calling bootstrap method shutdown on aushelper@mozilla.org version 2.0
1522836494540	addons.xpi	DEBUG	Calling bootstrap method shutdown on @all-aboard-v1-6 version 1.6.4
1522836494684	addons.manager	DEBUG	shutdown
1522836494685	addons.manager	DEBUG	Calling shutdown blocker for XPIProvider
1522836494685	addons.xpi	DEBUG	shutdown
1522836494685	addons.xpi-utils	DEBUG	shutdown
1522836494685	addons.manager	DEBUG	Calling shutdown blocker for LightweightThemeManager
1522836494686	addons.manager	DEBUG	Calling shutdown blocker for GMPProvider
1522836494688	addons.manager	DEBUG	Calling shutdown blocker for PluginProvider
1522836494688	addons.manager	DEBUG	Calling shutdown blocker for <unnamed-provider>
1522836494690	addons.manager	DEBUG	Calling shutdown blocker for PreviousExperimentProvider
1522836494692	addons.xpi	DEBUG	Notifying XPI shutdown observers
1522836494695	addons.manager	DEBUG	Async provider shutdown done

	at org.openqa.selenium.firefox.internal.NewProfileExtensionConnection.start(NewProfileExtensionConnection.java:113)
	... 31 more
]]>
    </error>
  </testcase> <!-- forgotPasswordMain -->
</testsuite> <!-- com.HReckAutomation.HReck.forgotPassword -->
