<?xml version="1.0" encoding="UTF-8"?>
<!-- Generated by org.testng.reporters.JUnitReportReporter -->
<testsuite hostname="MUMTEWD0500" name="com.HReckAutomation.HReck.HReckLogin" tests="4" failures="0" timestamp="28 Mar 2018 11:51:19 GMT" time="37.796" errors="0">
  <testcase name="hReckLogout" time="4.229" classname="com.HReckAutomation.HReck.HReckLogin"/>
  <testcase name="hReckLogin" time="6.552" classname="com.HReckAutomation.HReck.HReckLogin"/>
  <testcase name="hReckLogin" time="13.526" classname="com.HReckAutomation.HReck.HReckLogin"/>
  <testcase name="hReckLogin" time="13.489" classname="com.HReckAutomation.HReck.HReckLogin"/>
</testsuite> <!-- com.HReckAutomation.HReck.HReckLogin -->
