<?xml version="1.0" encoding="UTF-8"?>
<!-- Generated by org.testng.reporters.JUnitReportReporter -->
<testsuite hostname="MUMTEWD0500" name="com.HReckAutomation.Masters.AddCostCentre" tests="1" failures="0" timestamp="2 Apr 2018 13:19:04 GMT" time="1.293" errors="0">
  <testcase name="goToCostCentre" time="1.293" classname="com.HReckAutomation.Masters.AddCostCentre"/>
</testsuite> <!-- com.HReckAutomation.Masters.AddCostCentre -->
